<?xml version="1.0" encoding="UTF-8"?>
<!-- Generated by org.testng.reporters.JUnitReportReporter -->
<testsuite hostname="vapasis-MacBook-Pro.local" failures="0" tests="1" name="getRequestTests.ValidateResponseCodeTest" time="2.596" errors="0" timestamp="02 May 2019 05:20:44 GMT" skipped="0">
  <testcase classname="getRequestTests.ValidateResponseCodeTest" name="validateResonseCode" time="2.596"/>
</testsuite> <!-- getRequestTests.ValidateResponseCodeTest -->
